<?xml version="1.0" encoding="UTF-8"?>
<!-- Generated by org.testng.reporters.JUnitXMLReporter -->
<testsuite ignored="0" hostname="GUNTURUSIVARAMAPRASAD" failures="3" tests="9" name="Test" time="14.508" errors="0" timestamp="2024-12-18T17:51:16 IST">
  <testcase classname="api.test.DDTests" name="testPostUser" time="5.18"/>
  <testcase classname="api.test.DDTests" name="testPostUser" time="1.254"/>
  <testcase classname="api.test.DDTests" name="testPostUser" time="1.141"/>
  <testcase classname="api.test.DDTests" name="testGetUserByName" time="1.372"/>
  <testcase classname="api.test.DDTests" name="testGetUserByName" time="2.049"/>
  <testcase classname="api.test.DDTests" name="testGetUserByName" time="1.194"/>
  <testcase classname="api.test.DDTests" name="testDeleteUserByName" time="0.002">
    <failure type="java.lang.Error" message="Unresolved compilation problem: 
	The method println(boolean) is ambiguous for the type PrintStream
">
      <![CDATA[java.lang.Error: Unresolved compilation problem: 
The method println(boolean) is ambiguous for the type PrintStream

at api.test.DDTests.testDeleteUserByName(DDTests.java:61)
at java.base/java.util.ArrayList.forEach(ArrayList.java:1511)
... Removed 27 stack frames]]>
    </failure>
  </testcase> <!-- testDeleteUserByName -->
  <testcase classname="api.test.DDTests" name="testDeleteUserByName" time="0.002">
    <failure type="java.lang.Error" message="Unresolved compilation problem: 
	The method println(boolean) is ambiguous for the type PrintStream
">
      <![CDATA[java.lang.Error: Unresolved compilation problem: 
The method println(boolean) is ambiguous for the type PrintStream

at api.test.DDTests.testDeleteUserByName(DDTests.java:61)
at java.base/java.util.ArrayList.forEach(ArrayList.java:1511)
... Removed 27 stack frames]]>
    </failure>
  </testcase> <!-- testDeleteUserByName -->
  <testcase classname="api.test.DDTests" name="testDeleteUserByName" time="0.002">
    <failure type="java.lang.Error" message="Unresolved compilation problem: 
	The method println(boolean) is ambiguous for the type PrintStream
">
      <![CDATA[java.lang.Error: Unresolved compilation problem: 
The method println(boolean) is ambiguous for the type PrintStream

at api.test.DDTests.testDeleteUserByName(DDTests.java:61)
at java.base/java.util.ArrayList.forEach(ArrayList.java:1511)
... Removed 27 stack frames]]>
    </failure>
  </testcase> <!-- testDeleteUserByName -->
</testsuite> <!-- Test -->
