<?xml version="1.0" encoding="UTF-8"?>
<!-- Generated by org.testng.reporters.JUnitXMLReporter -->
<testsuite ignored="0" hostname="GUNTURUSIVARAMAPRASAD" failures="0" tests="4" name="Test" time="12.23" errors="0" timestamp="2024-12-18T18:02:17 IST">
  <testcase classname="api.test.UserTests" name="testPostUser" time="4.19"/>
  <testcase classname="api.test.UserTests" name="testGetUser" time="2.422"/>
  <testcase classname="api.test.UserTests" name="testUpdateUser" time="3.694"/>
  <testcase classname="api.test.UserTests" name="testDeleteUser" time="1.528"/>
</testsuite> <!-- Test -->
