<?xml version="1.0" encoding="UTF-8"?>
<testng-results ignored="0" total="4" passed="4" failed="0" skipped="0">
  <reporter-output>
  </reporter-output>
  <suite started-at="2024-12-18T18:02:04 IST" name="Suite" finished-at="2024-12-18T18:02:17 IST" duration-ms="12230">
    <groups>
    </groups>
    <test started-at="2024-12-18T18:02:04 IST" name="Test" finished-at="2024-12-18T18:02:17 IST" duration-ms="12230">
      <class name="api.test.UserTests">
        <test-method is-config="true" signature="steupData()[pri:0, instance:api.test.UserTests@4fb0f2b9]" started-at="2024-12-18T18:02:04 IST" name="steupData" finished-at="2024-12-18T18:02:05 IST" duration-ms="327" status="PASS">
          <reporter-output>
          </reporter-output>
        </test-method> <!-- steupData -->
        <test-method signature="testPostUser()[pri:1, instance:api.test.UserTests@4fb0f2b9]" started-at="2024-12-18T18:02:05 IST" name="testPostUser" finished-at="2024-12-18T18:02:09 IST" duration-ms="4190" status="PASS">
          <reporter-output>
          </reporter-output>
        </test-method> <!-- testPostUser -->
        <test-method signature="testGetUser()[pri:2, instance:api.test.UserTests@4fb0f2b9]" started-at="2024-12-18T18:02:09 IST" name="testGetUser" finished-at="2024-12-18T18:02:11 IST" duration-ms="2422" status="PASS">
          <reporter-output>
          </reporter-output>
        </test-method> <!-- testGetUser -->
        <test-method signature="testUpdateUser()[pri:3, instance:api.test.UserTests@4fb0f2b9]" started-at="2024-12-18T18:02:11 IST" name="testUpdateUser" finished-at="2024-12-18T18:02:15 IST" duration-ms="3694" status="PASS">
          <reporter-output>
          </reporter-output>
        </test-method> <!-- testUpdateUser -->
        <test-method signature="testDeleteUser()[pri:4, instance:api.test.UserTests@4fb0f2b9]" started-at="2024-12-18T18:02:15 IST" name="testDeleteUser" finished-at="2024-12-18T18:02:17 IST" duration-ms="1528" status="PASS">
          <reporter-output>
          </reporter-output>
        </test-method> <!-- testDeleteUser -->
      </class> <!-- api.test.UserTests -->
    </test> <!-- Test -->
  </suite> <!-- Suite -->
</testng-results>
